Determining if the pthread_create exist failed with the following output:
Change Dir: /easy_data/one_class/build/CMakeFiles/CMakeTmp

Run Build Command(s):/usr/bin/make cmTC_3fdae/fast 
/usr/bin/make -f CMakeFiles/cmTC_3fdae.dir/build.make CMakeFiles/cmTC_3fdae.dir/build
make[1]: Entering directory '/easy_data/one_class/build/CMakeFiles/CMakeTmp'
Building C object CMakeFiles/cmTC_3fdae.dir/CheckSymbolExists.c.o
/usr/bin/cc   -fPIC    -o CMakeFiles/cmTC_3fdae.dir/CheckSymbolExists.c.o   -c /easy_data/one_class/build/CMakeFiles/CMakeTmp/CheckSymbolExists.c
Linking C executable cmTC_3fdae
/usr/local/bin/cmake -E cmake_link_script CMakeFiles/cmTC_3fdae.dir/link.txt --verbose=1
/usr/bin/cc -fPIC     -rdynamic CMakeFiles/cmTC_3fdae.dir/CheckSymbolExists.c.o  -o cmTC_3fdae 
CMakeFiles/cmTC_3fdae.dir/CheckSymbolExists.c.o: In function `main':
CheckSymbolExists.c:(.text+0x1b): undefined reference to `pthread_create'
collect2: error: ld returned 1 exit status
CMakeFiles/cmTC_3fdae.dir/build.make:86: recipe for target 'cmTC_3fdae' failed
make[1]: *** [cmTC_3fdae] Error 1
make[1]: Leaving directory '/easy_data/one_class/build/CMakeFiles/CMakeTmp'
Makefile:121: recipe for target 'cmTC_3fdae/fast' failed
make: *** [cmTC_3fdae/fast] Error 2

File /easy_data/one_class/build/CMakeFiles/CMakeTmp/CheckSymbolExists.c:
/* */
#include <pthread.h>

int main(int argc, char** argv)
{
  (void)argv;
#ifndef pthread_create
  return ((int*)(&pthread_create))[argc];
#else
  (void)argc;
  return 0;
#endif
}

Determining if the function pthread_create exists in the pthreads failed with the following output:
Change Dir: /easy_data/one_class/build/CMakeFiles/CMakeTmp

Run Build Command(s):/usr/bin/make cmTC_1613d/fast 
/usr/bin/make -f CMakeFiles/cmTC_1613d.dir/build.make CMakeFiles/cmTC_1613d.dir/build
make[1]: Entering directory '/easy_data/one_class/build/CMakeFiles/CMakeTmp'
Building C object CMakeFiles/cmTC_1613d.dir/CheckFunctionExists.c.o
/usr/bin/cc   -fPIC -DCHECK_FUNCTION_EXISTS=pthread_create   -o CMakeFiles/cmTC_1613d.dir/CheckFunctionExists.c.o   -c /usr/local/share/cmake-3.14/Modules/CheckFunctionExists.c
Linking C executable cmTC_1613d
/usr/local/bin/cmake -E cmake_link_script CMakeFiles/cmTC_1613d.dir/link.txt --verbose=1
/usr/bin/cc -fPIC -DCHECK_FUNCTION_EXISTS=pthread_create    -rdynamic CMakeFiles/cmTC_1613d.dir/CheckFunctionExists.c.o  -o cmTC_1613d -lpthreads 
/usr/bin/ld: cannot find -lpthreads
collect2: error: ld returned 1 exit status
CMakeFiles/cmTC_1613d.dir/build.make:86: recipe for target 'cmTC_1613d' failed
make[1]: *** [cmTC_1613d] Error 1
make[1]: Leaving directory '/easy_data/one_class/build/CMakeFiles/CMakeTmp'
Makefile:121: recipe for target 'cmTC_1613d/fast' failed
make: *** [cmTC_1613d/fast] Error 2


