Determining if the pthread_create exist failed with the following output:
Change Dir: /docker_data/easy_ml_inference/cnn_runtime/prediction_pgp/build/CMakeFiles/CMakeTmp

Run Build Command(s):/usr/bin/make cmTC_f7955/fast 
/usr/bin/make -f CMakeFiles/cmTC_f7955.dir/build.make CMakeFiles/cmTC_f7955.dir/build
make[1]: Entering directory '/docker_data/easy_ml_inference/cnn_runtime/prediction_pgp/build/CMakeFiles/CMakeTmp'
Building C object CMakeFiles/cmTC_f7955.dir/CheckSymbolExists.c.o
/usr/bin/cc   -fPIC    -o CMakeFiles/cmTC_f7955.dir/CheckSymbolExists.c.o   -c /docker_data/easy_ml_inference/cnn_runtime/prediction_pgp/build/CMakeFiles/CMakeTmp/CheckSymbolExists.c
Linking C executable cmTC_f7955
/usr/local/bin/cmake -E cmake_link_script CMakeFiles/cmTC_f7955.dir/link.txt --verbose=1
/usr/bin/cc -fPIC     -rdynamic CMakeFiles/cmTC_f7955.dir/CheckSymbolExists.c.o  -o cmTC_f7955 
CMakeFiles/cmTC_f7955.dir/CheckSymbolExists.c.o: In function `main':
CheckSymbolExists.c:(.text+0x1b): undefined reference to `pthread_create'
collect2: error: ld returned 1 exit status
CMakeFiles/cmTC_f7955.dir/build.make:86: recipe for target 'cmTC_f7955' failed
make[1]: *** [cmTC_f7955] Error 1
make[1]: Leaving directory '/docker_data/easy_ml_inference/cnn_runtime/prediction_pgp/build/CMakeFiles/CMakeTmp'
Makefile:121: recipe for target 'cmTC_f7955/fast' failed
make: *** [cmTC_f7955/fast] Error 2

File /docker_data/easy_ml_inference/cnn_runtime/prediction_pgp/build/CMakeFiles/CMakeTmp/CheckSymbolExists.c:
/* */
#include <pthread.h>

int main(int argc, char** argv)
{
  (void)argv;
#ifndef pthread_create
  return ((int*)(&pthread_create))[argc];
#else
  (void)argc;
  return 0;
#endif
}

Determining if the function pthread_create exists in the pthreads failed with the following output:
Change Dir: /docker_data/easy_ml_inference/cnn_runtime/prediction_pgp/build/CMakeFiles/CMakeTmp

Run Build Command(s):/usr/bin/make cmTC_c4144/fast 
/usr/bin/make -f CMakeFiles/cmTC_c4144.dir/build.make CMakeFiles/cmTC_c4144.dir/build
make[1]: Entering directory '/docker_data/easy_ml_inference/cnn_runtime/prediction_pgp/build/CMakeFiles/CMakeTmp'
Building C object CMakeFiles/cmTC_c4144.dir/CheckFunctionExists.c.o
/usr/bin/cc   -fPIC -DCHECK_FUNCTION_EXISTS=pthread_create   -o CMakeFiles/cmTC_c4144.dir/CheckFunctionExists.c.o   -c /usr/local/share/cmake-3.14/Modules/CheckFunctionExists.c
Linking C executable cmTC_c4144
/usr/local/bin/cmake -E cmake_link_script CMakeFiles/cmTC_c4144.dir/link.txt --verbose=1
/usr/bin/cc -fPIC -DCHECK_FUNCTION_EXISTS=pthread_create    -rdynamic CMakeFiles/cmTC_c4144.dir/CheckFunctionExists.c.o  -o cmTC_c4144 -lpthreads 
/usr/bin/ld: cannot find -lpthreads
collect2: error: ld returned 1 exit status
CMakeFiles/cmTC_c4144.dir/build.make:86: recipe for target 'cmTC_c4144' failed
make[1]: *** [cmTC_c4144] Error 1
make[1]: Leaving directory '/docker_data/easy_ml_inference/cnn_runtime/prediction_pgp/build/CMakeFiles/CMakeTmp'
Makefile:121: recipe for target 'cmTC_c4144/fast' failed
make: *** [cmTC_c4144/fast] Error 2


